19:03:25 **** Incremental Build of configuration Debug for project Practica1_Periferics ****
Info: Internal Builder is used for build
arm-atollic-eabi-gcc -o Practica1_Periferics.elf Libraries\STM32F4xx_StdPeriph_Driver\src\misc.o Libraries\STM32F4xx_StdPeriph_Driver\src\stm32f4xx_adc.o Libraries\STM32F4xx_StdPeriph_Driver\src\stm32f4xx_can.o Libraries\STM32F4xx_StdPeriph_Driver\src\stm32f4xx_crc.o Libraries\STM32F4xx_StdPeriph_Driver\src\stm32f4xx_cryp.o Libraries\STM32F4xx_StdPeriph_Driver\src\stm32f4xx_cryp_aes.o Libraries\STM32F4xx_StdPeriph_Driver\src\stm32f4xx_cryp_des.o Libraries\STM32F4xx_StdPeriph_Driver\src\stm32f4xx_cryp_tdes.o Libraries\STM32F4xx_StdPeriph_Driver\src\stm32f4xx_dac.o Libraries\STM32F4xx_StdPeriph_Driver\src\stm32f4xx_dbgmcu.o Libraries\STM32F4xx_StdPeriph_Driver\src\stm32f4xx_dcmi.o Libraries\STM32F4xx_StdPeriph_Driver\src\stm32f4xx_dma.o Libraries\STM32F4xx_StdPeriph_Driver\src\stm32f4xx_dma2d.o Libraries\STM32F4xx_StdPeriph_Driver\src\stm32f4xx_exti.o Libraries\STM32F4xx_StdPeriph_Driver\src\stm32f4xx_flash.o Libraries\STM32F4xx_StdPeriph_Driver\src\stm32f4xx_fmc.o Libraries\STM32F4xx_StdPeriph_Driver\src\stm32f4xx_gpio.o Libraries\STM32F4xx_StdPeriph_Driver\src\stm32f4xx_hash.o Libraries\STM32F4xx_StdPeriph_Driver\src\stm32f4xx_hash_md5.o Libraries\STM32F4xx_StdPeriph_Driver\src\stm32f4xx_hash_sha1.o Libraries\STM32F4xx_StdPeriph_Driver\src\stm32f4xx_i2c.o Libraries\STM32F4xx_StdPeriph_Driver\src\stm32f4xx_iwdg.o Libraries\STM32F4xx_StdPeriph_Driver\src\stm32f4xx_ltdc.o Libraries\STM32F4xx_StdPeriph_Driver\src\stm32f4xx_pwr.o Libraries\STM32F4xx_StdPeriph_Driver\src\stm32f4xx_rcc.o Libraries\STM32F4xx_StdPeriph_Driver\src\stm32f4xx_rng.o Libraries\STM32F4xx_StdPeriph_Driver\src\stm32f4xx_rtc.o Libraries\STM32F4xx_StdPeriph_Driver\src\stm32f4xx_sai.o Libraries\STM32F4xx_StdPeriph_Driver\src\stm32f4xx_sdio.o Libraries\STM32F4xx_StdPeriph_Driver\src\stm32f4xx_spi.o Libraries\STM32F4xx_StdPeriph_Driver\src\stm32f4xx_syscfg.o Libraries\STM32F4xx_StdPeriph_Driver\src\stm32f4xx_tim.o Libraries\STM32F4xx_StdPeriph_Driver\src\stm32f4xx_usart.o Libraries\STM32F4xx_StdPeriph_Driver\src\stm32f4xx_wwdg.o Utilities\Common\fonts.o Utilities\Common\lcd_log.o Utilities\STM32F429I-Discovery\stm32f429i_discovery.o Utilities\STM32F429I-Discovery\stm32f429i_discovery_i2c_ee.o Utilities\STM32F429I-Discovery\stm32f429i_discovery_ioe.o Utilities\STM32F429I-Discovery\stm32f429i_discovery_l3gd20.o Utilities\STM32F429I-Discovery\stm32f429i_discovery_lcd.o Utilities\STM32F429I-Discovery\stm32f429i_discovery_sdram.o src\dac.o src\globals.o src\gpio.o src\interrupts.o src\main.o src\startup_stm32f429x.o src\stm32f4xx_it.o src\system_stm32f4xx.o src\timers.o src\tiny_printf.o -mthumb -mcpu=cortex-m4 -mfloat-abi=hard -mfpu=fpv4-sp-d16 -T../stm32f4_flash.ld -specs=nosys.specs -static -Wl,-cref,-u,Reset_Handler -Wl,-Map=Practica1_Periferics.map -Wl,--gc-sections -Wl,--defsym=malloc_getpagesize_P=0x80 -Wl,--start-group -lc -lm -Wl,--end-group -specs=nano.specs 
src\main.o:(.bss.counter_led+0x0): multiple definition of `counter_led'
src\globals.o:(.bss.counter_led+0x0): first defined here
src\main.o:(.bss.Wd+0x0): multiple definition of `Wd'
src\globals.o:(.bss.Wd+0x0): first defined here
src\main.o:(.bss.We+0x0): multiple definition of `We'
src\globals.o:(.bss.We+0x0): first defined here
src\main.o:(.bss.micros_period_right+0x0): multiple definition of `micros_period_right'
src\globals.o:(.bss.micros_period_right+0x0): first defined here
src\main.o:(.bss.micros_period_left+0x0): multiple definition of `micros_period_left'
src\globals.o:(.bss.micros_period_left+0x0): first defined here
src\main.o:(.data.vehicle_speed+0x0): multiple definition of `vehicle_speed'
src\globals.o:(.data.vehicle_speed+0x0): first defined here
src\main.o:(.data.vehicle_speed_ascendent+0x0): multiple definition of `vehicle_speed_ascendent'
src\globals.o:(.data.vehicle_speed_ascendent+0x0): first defined here
src\main.o:(.bss.i+0x0): multiple definition of `i'
src\globals.o:(.bss.i+0x0): first defined here
src\main.o:(.data.difference_factor_ascendent+0x0): multiple definition of `difference_factor_ascendent'
src\globals.o:(.data.difference_factor_ascendent+0x0): first defined here
src\main.o:(.bss.num_cycles+0x0): multiple definition of `num_cycles'
src\globals.o:(.bss.num_cycles+0x0): first defined here
src\main.o:(.bss.calculating_right_speed+0x0): multiple definition of `calculating_right_speed'
src\globals.o:(.bss.calculating_right_speed+0x0): first defined here
src\main.o:(.bss.right_wheel_speed+0x0): multiple definition of `right_wheel_speed'
src\globals.o:(.bss.right_wheel_speed+0x0): first defined here
src\main.o:(.bss.left_wheel_speed+0x0): multiple definition of `left_wheel_speed'
src\globals.o:(.bss.left_wheel_speed+0x0): first defined here
src\main.o:(.bss.j+0x0): multiple definition of `j'
src\globals.o:(.bss.j+0x0): first defined here
src\main.o:(.bss.signal1_microseconds+0x0): multiple definition of `signal1_microseconds'
src\globals.o:(.bss.signal1_microseconds+0x0): first defined here
src\main.o:(.bss.signal2_microseconds+0x0): multiple definition of `signal2_microseconds'
src\globals.o:(.bss.signal2_microseconds+0x0): first defined here
src\main.o:(.bss.ms_since_edge_rising+0x0): multiple definition of `ms_since_edge_rising'
src\globals.o:(.bss.ms_since_edge_rising+0x0): first defined here
src\main.o:(.bss.bouncing_counter_ms+0x0): multiple definition of `bouncing_counter_ms'
src\globals.o:(.bss.bouncing_counter_ms+0x0): first defined here
src\main.o:(.bss.last_bouncing_counter_ms+0x0): multiple definition of `last_bouncing_counter_ms'
src\globals.o:(.bss.last_bouncing_counter_ms+0x0): first defined here
collect2.exe: error: ld returned 1 exit status

19:03:26 Build Finished (took 244ms)

